<?xml version="1.0" encoding="UTF-8"?>
<testng-results total="6" passed="6" failed="0" skipped="0">
  <reporter-output>
  </reporter-output>
  <suite started-at="2022-03-10T02:22:30Z" name="Default suite" finished-at="2022-03-10T02:23:24Z" duration-ms="53672">
    <groups>
    </groups>
    <test started-at="2022-03-10T02:22:30Z" name="Default test" finished-at="2022-03-10T02:23:24Z" duration-ms="53672">
      <class name="WebDriver.test">
        <test-method is-config="true" signature="beforeClass()[pri:0, instance:WebDriver.test@1cd629b3]" started-at="2022-03-10T09:22:30Z" name="beforeClass" finished-at="2022-03-10T09:22:33Z" duration-ms="2281" status="PASS">
          <reporter-output>
          </reporter-output>
        </test-method> <!-- beforeClass -->
        <test-method signature="TC_01_Register_Empty_Data()[pri:0, instance:WebDriver.test@1cd629b3]" started-at="2022-03-10T09:22:33Z" name="TC_01_Register_Empty_Data" finished-at="2022-03-10T09:22:55Z" duration-ms="22302" status="PASS">
          <reporter-output>
          </reporter-output>
        </test-method> <!-- TC_01_Register_Empty_Data -->
        <test-method signature="TC_02_Register_Invalid_Email()[pri:0, instance:WebDriver.test@1cd629b3]" started-at="2022-03-10T09:22:55Z" name="TC_02_Register_Invalid_Email" finished-at="2022-03-10T09:22:59Z" duration-ms="4231" status="PASS">
          <reporter-output>
          </reporter-output>
        </test-method> <!-- TC_02_Register_Invalid_Email -->
        <test-method signature="TC_03_Register_Incorrect_Email()[pri:0, instance:WebDriver.test@1cd629b3]" started-at="2022-03-10T09:22:59Z" name="TC_03_Register_Incorrect_Email" finished-at="2022-03-10T09:23:10Z" duration-ms="11007" status="PASS">
          <reporter-output>
          </reporter-output>
        </test-method> <!-- TC_03_Register_Incorrect_Email -->
        <test-method signature="TC_04_Register_Password_Less_Than_6_Chars()[pri:0, instance:WebDriver.test@1cd629b3]" started-at="2022-03-10T09:23:10Z" name="TC_04_Register_Password_Less_Than_6_Chars" finished-at="2022-03-10T09:23:15Z" duration-ms="4612" status="PASS">
          <reporter-output>
          </reporter-output>
        </test-method> <!-- TC_04_Register_Password_Less_Than_6_Chars -->
        <test-method signature="TC_05_Register_Incorrect_Password()[pri:0, instance:WebDriver.test@1cd629b3]" started-at="2022-03-10T09:23:15Z" name="TC_05_Register_Incorrect_Password" finished-at="2022-03-10T09:23:19Z" duration-ms="4131" status="PASS">
          <reporter-output>
          </reporter-output>
        </test-method> <!-- TC_05_Register_Incorrect_Password -->
        <test-method signature="TC_06_Register_Invalid_Phone()[pri:0, instance:WebDriver.test@1cd629b3]" started-at="2022-03-10T09:23:19Z" name="TC_06_Register_Invalid_Phone" finished-at="2022-03-10T09:23:23Z" duration-ms="3940" status="PASS">
          <reporter-output>
          </reporter-output>
        </test-method> <!-- TC_06_Register_Invalid_Phone -->
        <test-method is-config="true" signature="afterClass()[pri:0, instance:WebDriver.test@1cd629b3]" started-at="2022-03-10T09:23:23Z" name="afterClass" finished-at="2022-03-10T09:23:24Z" duration-ms="1143" status="PASS">
          <reporter-output>
          </reporter-output>
        </test-method> <!-- afterClass -->
      </class> <!-- WebDriver.test -->
    </test> <!-- Default test -->
  </suite> <!-- Default suite -->
</testng-results>
