<?xml version="1.0" encoding="UTF-8"?>
<!-- Generated by org.testng.reporters.JUnitXMLReporter -->
<testsuite hostname="PNVD016" failures="0" tests="3" name="Default test" time="5.202" errors="0" timestamp="10 Mar 2022 02:24:42 GMT">
  <testcase classname="projectRefill.login" name="TC_01_ValidateCurrentUrl" time="0.024"/>
  <testcase classname="projectRefill.login" name="TC_02_ValidatePageTitle" time="0.016"/>
  <testcase classname="projectRefill.login" name="TC_03_LoginFormDisplayed" time="0.077"/>
</testsuite> <!-- Default test -->
