<?xml version="1.0" encoding="UTF-8"?>
<testng-results total="3" passed="3" failed="0" skipped="0">
  <reporter-output>
  </reporter-output>
  <suite started-at="2022-03-10T02:24:37Z" name="Default suite" finished-at="2022-03-10T02:24:42Z" duration-ms="5202">
    <groups>
    </groups>
    <test started-at="2022-03-10T02:24:37Z" name="Default test" finished-at="2022-03-10T02:24:42Z" duration-ms="5202">
      <class name="projectRefill.login">
        <test-method is-config="true" signature="beforeClass()[pri:0, instance:projectRefill.login@4dd6fd0a]" started-at="2022-03-10T09:24:37Z" name="beforeClass" finished-at="2022-03-10T09:24:41Z" duration-ms="4025" status="PASS">
          <reporter-output>
          </reporter-output>
        </test-method> <!-- beforeClass -->
        <test-method signature="TC_01_ValidateCurrentUrl()[pri:0, instance:projectRefill.login@4dd6fd0a]" started-at="2022-03-10T09:24:41Z" name="TC_01_ValidateCurrentUrl" finished-at="2022-03-10T09:24:41Z" duration-ms="24" status="PASS">
          <reporter-output>
          </reporter-output>
        </test-method> <!-- TC_01_ValidateCurrentUrl -->
        <test-method signature="TC_02_ValidatePageTitle()[pri:0, instance:projectRefill.login@4dd6fd0a]" started-at="2022-03-10T09:24:41Z" name="TC_02_ValidatePageTitle" finished-at="2022-03-10T09:24:41Z" duration-ms="16" status="PASS">
          <reporter-output>
          </reporter-output>
        </test-method> <!-- TC_02_ValidatePageTitle -->
        <test-method signature="TC_03_LoginFormDisplayed()[pri:0, instance:projectRefill.login@4dd6fd0a]" started-at="2022-03-10T09:24:41Z" name="TC_03_LoginFormDisplayed" finished-at="2022-03-10T09:24:41Z" duration-ms="77" status="PASS">
          <reporter-output>
          </reporter-output>
        </test-method> <!-- TC_03_LoginFormDisplayed -->
        <test-method is-config="true" signature="afterClass()[pri:0, instance:projectRefill.login@4dd6fd0a]" started-at="2022-03-10T09:24:41Z" name="afterClass" finished-at="2022-03-10T09:24:42Z" duration-ms="1032" status="PASS">
          <reporter-output>
          </reporter-output>
        </test-method> <!-- afterClass -->
      </class> <!-- projectRefill.login -->
    </test> <!-- Default test -->
  </suite> <!-- Default suite -->
</testng-results>
