<?xml version="1.0" encoding="UTF-8"?>
<!-- Generated by org.testng.reporters.JUnitXMLReporter -->
<testsuite hostname="PNVD016" failures="0" tests="6" name="Default test" time="53.672" errors="0" timestamp="10 Mar 2022 02:23:24 GMT">
  <testcase classname="WebDriver.test" name="TC_01_Register_Empty_Data" time="22.302"/>
  <testcase classname="WebDriver.test" name="TC_02_Register_Invalid_Email" time="4.231"/>
  <testcase classname="WebDriver.test" name="TC_03_Register_Incorrect_Email" time="11.007"/>
  <testcase classname="WebDriver.test" name="TC_04_Register_Password_Less_Than_6_Chars" time="4.612"/>
  <testcase classname="WebDriver.test" name="TC_05_Register_Incorrect_Password" time="4.131"/>
  <testcase classname="WebDriver.test" name="TC_06_Register_Invalid_Phone" time="3.94"/>
</testsuite> <!-- Default test -->
